# JRE version: Java(TM) SE Runtime Environment (8.0_92-b14) (build 1.8.0_92-b14)
# Java VM: Java HotSpot(TM) 64-Bit Server VM (25.92-b14 mixed mode windows-amd64 compressed oops)
Heap:
 PSYoungGen      total 66560K, used 51199K [0x00000000daf80000, 0x00000000e2e00000, 0x0000000100000000)
  eden space 55808K, 79% used [0x00000000daf80000,0x00000000ddae71c8,0x00000000de600000)
  from space 10752K, 62% used [0x00000000de600000,0x00000000dec98be0,0x00000000df080000)
  to   space 10752K, 0% used [0x00000000e2380000,0x00000000e2380000,0x00000000e2e00000)
 ParOldGen       total 44544K, used 8349K [0x0000000090e00000, 0x0000000093980000, 0x00000000daf80000)
  object space 44544K, 18% used [0x0000000090e00000,0x00000000916277e8,0x0000000093980000)
 Metaspace       used 30165K, capacity 30610K, committed 30848K, reserved 1075200K
  class space    used 4065K, capacity 4219K, committed 4224K, reserved 1048576K
GC Heap History (10 events):
Event: 47.326 GC heap before
{Heap before GC invocations=4 (full 0):
 PSYoungGen      total 33280K, used 33264K [0x00000000daf80000, 0x00000000dd480000, 0x0000000100000000)
  eden space 28672K, 100% used [0x00000000daf80000,0x00000000dcb80000,0x00000000dcb80000)
  from space 4608K, 99% used [0x00000000dcb80000,0x00000000dcffc030,0x00000000dd000000)
  to   space 4608K, 0% used [0x00000000dd000000,0x00000000dd000000,0x00000000dd480000)
 ParOldGen       total 76800K, used 4132K [0x0000000090e00000, 0x0000000095900000, 0x00000000daf80000)
  object space 76800K, 5% used [0x0000000090e00000,0x00000000912091d8,0x0000000095900000)
 Metaspace       used 20408K, capacity 20642K, committed 20992K, reserved 1067008K
  class space    used 2727K, capacity 2801K, committed 2816K, reserved 1048576K
Event: 47.347 GC heap after
Heap after GC invocations=4 (full 0):
 PSYoungGen      total 33280K, used 4584K [0x00000000daf80000, 0x00000000dd480000, 0x0000000100000000)
  eden space 28672K, 0% used [0x00000000daf80000,0x00000000daf80000,0x00000000dcb80000)
  from space 4608K, 99% used [0x00000000dd000000,0x00000000dd47a100,0x00000000dd480000)
  to   space 4608K, 0% used [0x00000000dcb80000,0x00000000dcb80000,0x00000000dd000000)
 ParOldGen       total 76800K, used 9453K [0x0000000090e00000, 0x0000000095900000, 0x00000000daf80000)
  object space 76800K, 12% used [0x0000000090e00000,0x000000009173b5a0,0x0000000095900000)
 Metaspace       used 20408K, capacity 20642K, committed 20992K, reserved 1067008K
  class space    used 2727K, capacity 2801K, committed 2816K, reserved 1048576K
}
Event: 47.415 GC heap before
{Heap before GC invocations=5 (full 0):
 PSYoungGen      total 33280K, used 9789K [0x00000000daf80000, 0x00000000dd480000, 0x0000000100000000)
  eden space 28672K, 18% used [0x00000000daf80000,0x00000000db495338,0x00000000dcb80000)
  from space 4608K, 99% used [0x00000000dd000000,0x00000000dd47a100,0x00000000dd480000)
  to   space 4608K, 0% used [0x00000000dcb80000,0x00000000dcb80000,0x00000000dd000000)
 ParOldGen       total 76800K, used 9453K [0x0000000090e00000, 0x0000000095900000, 0x00000000daf80000)
  object space 76800K, 12% used [0x0000000090e00000,0x000000009173b5a0,0x0000000095900000)
 Metaspace       used 20883K, capacity 21090K, committed 21248K, reserved 1067008K
  class space    used 2727K, capacity 2801K, committed 2816K, reserved 1048576K
Event: 47.427 GC heap after
Heap after GC invocations=5 (full 0):
 PSYoungGen      total 33280K, used 4596K [0x00000000daf80000, 0x00000000dfc80000, 0x0000000100000000)
  eden space 28672K, 0% used [0x00000000daf80000,0x00000000daf80000,0x00000000dcb80000)
  from space 4608K, 99% used [0x00000000dcb80000,0x00000000dcffd0d0,0x00000000dd000000)
  to   space 10752K, 0% used [0x00000000df200000,0x00000000df200000,0x00000000dfc80000)
 ParOldGen       total 76800K, used 10689K [0x0000000090e00000, 0x0000000095900000, 0x00000000daf80000)
  object space 76800K, 13% used [0x0000000090e00000,0x0000000091870570,0x0000000095900000)
 Metaspace       used 20883K, capacity 21090K, committed 21248K, reserved 1067008K
  class space    used 2727K, capacity 2801K, committed 2816K, reserved 1048576K
}
Event: 47.427 GC heap before
{Heap before GC invocations=6 (full 1):
 PSYoungGen      total 33280K, used 4596K [0x00000000daf80000, 0x00000000dfc80000, 0x0000000100000000)
  eden space 28672K, 0% used [0x00000000daf80000,0x00000000daf80000,0x00000000dcb80000)
  from space 4608K, 99% used [0x00000000dcb80000,0x00000000dcffd0d0,0x00000000dd000000)
  to   space 10752K, 0% used [0x00000000df200000,0x00000000df200000,0x00000000dfc80000)
 ParOldGen       total 76800K, used 10689K [0x0000000090e00000, 0x0000000095900000, 0x00000000daf80000)
  object space 76800K, 13% used [0x0000000090e00000,0x0000000091870570,0x0000000095900000)
 Metaspace       used 20883K, capacity 21090K, committed 21248K, reserved 1067008K
  class space    used 2727K, capacity 2801K, committed 2816K, reserved 1048576K
Event: 47.510 GC heap after
Heap after GC invocations=6 (full 1):
 PSYoungGen      total 33280K, used 0K [0x00000000daf80000, 0x00000000dfc80000, 0x0000000100000000)
  eden space 28672K, 0% used [0x00000000daf80000,0x00000000daf80000,0x00000000dcb80000)
  from space 4608K, 0% used [0x00000000dcb80000,0x00000000dcb80000,0x00000000dd000000)
  to   space 10752K, 0% used [0x00000000df200000,0x00000000df200000,0x00000000dfc80000)
 ParOldGen       total 44544K, used 8333K [0x0000000090e00000, 0x0000000093980000, 0x00000000daf80000)
  object space 44544K, 18% used [0x0000000090e00000,0x00000000916237e8,0x0000000093980000)
 Metaspace       used 20879K, capacity 21084K, committed 21248K, reserved 1067008K
  class space    used 2725K, capacity 2799K, committed 2816K, reserved 1048576K
}
Event: 49.314 GC heap before
{Heap before GC invocations=7 (full 1):
 PSYoungGen      total 33280K, used 28672K [0x00000000daf80000, 0x00000000dfc80000, 0x0000000100000000)
  eden space 28672K, 100% used [0x00000000daf80000,0x00000000dcb80000,0x00000000dcb80000)
  from space 4608K, 0% used [0x00000000dcb80000,0x00000000dcb80000,0x00000000dd000000)
  to   space 10752K, 0% used [0x00000000df200000,0x00000000df200000,0x00000000dfc80000)
 ParOldGen       total 44544K, used 8333K [0x0000000090e00000, 0x0000000093980000, 0x00000000daf80000)
  object space 44544K, 18% used [0x0000000090e00000,0x00000000916237e8,0x0000000093980000)
 Metaspace       used 23701K, capacity 23946K, committed 24320K, reserved 1071104K
  class space    used 3185K, capacity 3258K, committed 3328K, reserved 1048576K
Event: 49.324 GC heap after
Heap after GC invocations=7 (full 1):
 PSYoungGen      total 65024K, used 3750K [0x00000000daf80000, 0x00000000dfb00000, 0x0000000100000000)
  eden space 55808K, 0% used [0x00000000daf80000,0x00000000daf80000,0x00000000de600000)
  from space 9216K, 40% used [0x00000000df200000,0x00000000df5a9b88,0x00000000dfb00000)
  to   space 10752K, 0% used [0x00000000de600000,0x00000000de600000,0x00000000df080000)
 ParOldGen       total 44544K, used 8341K [0x0000000090e00000, 0x0000000093980000, 0x00000000daf80000)
  object space 44544K, 18% used [0x0000000090e00000,0x00000000916257e8,0x0000000093980000)
 Metaspace       used 23701K, capacity 23946K, committed 24320K, reserved 1071104K
  class space    used 3185K, capacity 3258K, committed 3328K, reserved 1048576K
}
Event: 52.730 GC heap before
{Heap before GC invocations=8 (full 1):
 PSYoungGen      total 65024K, used 59558K [0x00000000daf80000, 0x00000000dfb00000, 0x0000000100000000)
  eden space 55808K, 100% used [0x00000000daf80000,0x00000000de600000,0x00000000de600000)
  from space 9216K, 40% used [0x00000000df200000,0x00000000df5a9b88,0x00000000dfb00000)
  to   space 10752K, 0% used [0x00000000de600000,0x00000000de600000,0x00000000df080000)
 ParOldGen       total 44544K, used 8341K [0x0000000090e00000, 0x0000000093980000, 0x00000000daf80000)
  object space 44544K, 18% used [0x0000000090e00000,0x00000000916257e8,0x0000000093980000)
 Metaspace       used 28960K, capacity 29342K, committed 29824K, reserved 1075200K
  class space    used 3976K, capacity 4143K, committed 4224K, reserved 1048576K
Event: 52.744 GC heap after
Heap after GC invocations=8 (full 1):
 PSYoungGen      total 66560K, used 6754K [0x00000000daf80000, 0x00000000e2e00000, 0x0000000100000000)
  eden space 55808K, 0% used [0x00000000daf80000,0x00000000daf80000,0x00000000de600000)
  from space 10752K, 62% used [0x00000000de600000,0x00000000dec98be0,0x00000000df080000)
  to   space 10752K, 0% used [0x00000000e2380000,0x00000000e2380000,0x00000000e2e00000)
 ParOldGen       total 44544K, used 8349K [0x0000000090e00000, 0x0000000093980000, 0x00000000daf80000)
  object space 44544K, 18% used [0x0000000090e00000,0x00000000916277e8,0x0000000093980000)
 Metaspace       used 28960K, capacity 29342K, committed 29824K, reserved 1075200K
  class space    used 3976K, capacity 4143K, committed 4224K, reserved 1048576K
}

